c:\users\esaus\desktop\universitat\optatives\vj\joc2d\joc2d\debug\vc140.pdb
c:\users\esaus\desktop\universitat\optatives\vj\joc2d\joc2d\debug\vc140.idb
c:\users\esaus\desktop\universitat\optatives\vj\joc2d\joc2d\debug\background.obj
c:\users\esaus\desktop\universitat\optatives\vj\joc2d\joc2d\debug\game.obj
c:\users\esaus\desktop\universitat\optatives\vj\joc2d\joc2d\debug\main.obj
c:\users\esaus\desktop\universitat\optatives\vj\joc2d\joc2d\debug\map.obj
c:\users\esaus\desktop\universitat\optatives\vj\joc2d\joc2d\debug\object.obj
c:\users\esaus\desktop\universitat\optatives\vj\joc2d\joc2d\debug\player.obj
c:\users\esaus\desktop\universitat\optatives\vj\joc2d\joc2d\debug\scene.obj
c:\users\esaus\desktop\universitat\optatives\vj\joc2d\joc2d\debug\shader.obj
c:\users\esaus\desktop\universitat\optatives\vj\joc2d\joc2d\debug\shaderprogram.obj
c:\users\esaus\desktop\universitat\optatives\vj\joc2d\joc2d\debug\sprite.obj
c:\users\esaus\desktop\universitat\optatives\vj\joc2d\joc2d\debug\texture.obj
c:\users\esaus\desktop\universitat\optatives\vj\joc2d\joc2d\debug\sound.obj
c:\users\esaus\desktop\universitat\optatives\vj\joc2d\joc2d\debug\csound.obj
c:\users\esaus\desktop\universitat\optatives\vj\joc2d\debug\joc2d.ilk
c:\users\esaus\desktop\universitat\optatives\vj\joc2d\debug\joc2d.exe
c:\users\esaus\desktop\universitat\optatives\vj\joc2d\debug\joc2d.pdb
c:\users\esaus\desktop\universitat\optatives\vj\joc2d\joc2d\debug\joc2d.tlog\cl.command.1.tlog
c:\users\esaus\desktop\universitat\optatives\vj\joc2d\joc2d\debug\joc2d.tlog\cl.read.1.tlog
c:\users\esaus\desktop\universitat\optatives\vj\joc2d\joc2d\debug\joc2d.tlog\cl.write.1.tlog
c:\users\esaus\desktop\universitat\optatives\vj\joc2d\joc2d\debug\joc2d.tlog\link.command.1.tlog
c:\users\esaus\desktop\universitat\optatives\vj\joc2d\joc2d\debug\joc2d.tlog\link.read.1.tlog
c:\users\esaus\desktop\universitat\optatives\vj\joc2d\joc2d\debug\joc2d.tlog\link.write.1.tlog
