c:\users\esaus\desktop\universitat\optatives\vj\joc2d\joc2d\x64\debug\vc140.pdb
c:\users\esaus\desktop\universitat\optatives\vj\joc2d\joc2d\x64\debug\vc140.idb
c:\users\esaus\desktop\universitat\optatives\vj\joc2d\joc2d\x64\debug\background.obj
c:\users\esaus\desktop\universitat\optatives\vj\joc2d\joc2d\x64\debug\game.obj
c:\users\esaus\desktop\universitat\optatives\vj\joc2d\joc2d\x64\debug\main.obj
c:\users\esaus\desktop\universitat\optatives\vj\joc2d\joc2d\x64\debug\map.obj
c:\users\esaus\desktop\universitat\optatives\vj\joc2d\joc2d\x64\debug\player.obj
c:\users\esaus\desktop\universitat\optatives\vj\joc2d\joc2d\x64\debug\scene.obj
c:\users\esaus\desktop\universitat\optatives\vj\joc2d\joc2d\x64\debug\shader.obj
c:\users\esaus\desktop\universitat\optatives\vj\joc2d\joc2d\x64\debug\shaderprogram.obj
c:\users\esaus\desktop\universitat\optatives\vj\joc2d\joc2d\x64\debug\sound.obj
c:\users\esaus\desktop\universitat\optatives\vj\joc2d\joc2d\x64\debug\sprite.obj
c:\users\esaus\desktop\universitat\optatives\vj\joc2d\joc2d\x64\debug\texture.obj
c:\users\esaus\desktop\universitat\optatives\vj\joc2d\x64\debug\joc2d.pdb
c:\users\esaus\desktop\universitat\optatives\vj\joc2d\joc2d\x64\debug\joc2d.tlog\cl.command.1.tlog
c:\users\esaus\desktop\universitat\optatives\vj\joc2d\joc2d\x64\debug\joc2d.tlog\cl.read.1.tlog
c:\users\esaus\desktop\universitat\optatives\vj\joc2d\joc2d\x64\debug\joc2d.tlog\cl.write.1.tlog
c:\users\esaus\desktop\universitat\optatives\vj\joc2d\joc2d\x64\debug\joc2d.tlog\link-cvtres.read.1.tlog
c:\users\esaus\desktop\universitat\optatives\vj\joc2d\joc2d\x64\debug\joc2d.tlog\link-cvtres.write.1.tlog
c:\users\esaus\desktop\universitat\optatives\vj\joc2d\joc2d\x64\debug\joc2d.tlog\link-rc.read.1.tlog
c:\users\esaus\desktop\universitat\optatives\vj\joc2d\joc2d\x64\debug\joc2d.tlog\link-rc.write.1.tlog
c:\users\esaus\desktop\universitat\optatives\vj\joc2d\joc2d\x64\debug\joc2d.tlog\link.command.1.tlog
c:\users\esaus\desktop\universitat\optatives\vj\joc2d\joc2d\x64\debug\joc2d.tlog\link.read.1.tlog
c:\users\esaus\desktop\universitat\optatives\vj\joc2d\joc2d\x64\debug\joc2d.tlog\link.write.1.tlog
